<?xml version="1.0" encoding="UTF-8"?>
<!-- Generated by org.testng.reporters.JUnitReportReporter -->
<testsuite hostname="SarthakDell" failures="0" tests="1" name="com.saucelabs.TestCases.SeleniumTest" time="11.338" errors="0" timestamp="2024-04-09T16:56:04 EDT" skipped="0">
  <testcase classname="com.saucelabs.TestCases.SeleniumTest" name="correctTitle" time="11.338"/>
</testsuite> <!-- com.saucelabs.TestCases.SeleniumTest -->
