<?xml version="1.0" encoding="UTF-8"?>
<!-- Generated by org.testng.reporters.JUnitReportReporter -->
<testsuite hostname="SarthakDell" failures="0" tests="1" name="com.saucelabs.TestCases.TC1" time="25.439" errors="0" timestamp="2024-04-09T16:59:01 EDT" skipped="0">
  <testcase classname="com.saucelabs.TestCases.TC1" name="verifyLogin" time="25.439"/>
</testsuite> <!-- com.saucelabs.TestCases.TC1 -->
